<?xml version="1.0" encoding="UTF-8"?>
<testng-results skipped="0" failed="0" total="1" passed="1">
  <reporter-output>
    <line>
      <![CDATA[loads the webpage successfully]]>
    </line>
    <line>
      <![CDATA[* takes a screenshot of the webpage]]>
    </line>
    <line>
      <![CDATA[clicks the search bar]]>
    </line>
    <line>
      <![CDATA[successfully clicks the search bar]]>
    </line>
    <line>
      <![CDATA[sends the key to the search bar]]>
    </line>
    <line>
      <![CDATA[successfully send the key value to the search bar]]>
    </line>
    <line>
      <![CDATA[clicks the sort button]]>
    </line>
    <line>
      <![CDATA[successfully clicks the sort button]]>
    </line>
    <line>
      <![CDATA[clicks the low to high button]]>
    </line>
    <line>
      <![CDATA[successfully clicks the low to high]]>
    </line>
    <line>
      <![CDATA[clicks the apply button]]>
    </line>
    <line>
      <![CDATA[successfully clicks the apply button]]>
    </line>
    <line>
      <![CDATA[clicks the product]]>
    </line>
    <line>
      <![CDATA[successfully clicks the product]]>
    </line>
    <line>
      <![CDATA[clicks the add the cart button]]>
    </line>
    <line>
      <![CDATA[successfully clicks the add the cart button]]>
    </line>
    <line>
      <![CDATA[clicks the login icon]]>
    </line>
    <line>
      <![CDATA[successfully clicks the loin button]]>
    </line>
    <line>
      <![CDATA[sends the key value to the id bar]]>
    </line>
    <line>
      <![CDATA[successfull sends the id bar]]>
    </line>
    <line>
      <![CDATA[sends the password into the pass bar]]>
    </line>
    <line>
      <![CDATA[successfullt send the key to pass bar]]>
    </line>
    <line>
      <![CDATA[clicks the sign button]]>
    </line>
    <line>
      <![CDATA[successfully clicks the sign button]]>
    </line>
    <line>
      <![CDATA[clicks the back button]]>
    </line>
    <line>
      <![CDATA[successfully clicks the back button]]>
    </line>
    <line>
      <![CDATA[clicks the cart button]]>
    </line>
    <line>
      <![CDATA[successfully clicks the cart button]]>
    </line>
    <line>
      <![CDATA[* takes a screenshot of the webpage]]>
    </line>
    <line>
      <![CDATA[successfully assets the correct product has been added to the cart]]>
    </line>
  </reporter-output>
  <suite name="Suite" duration-ms="89155" started-at="2017-07-22T06:43:23Z" finished-at="2017-07-22T06:44:53Z">
    <groups>
    </groups>
    <test name="Test" duration-ms="89155" started-at="2017-07-22T06:43:23Z" finished-at="2017-07-22T06:44:53Z">
      <class name="AppiumTesting.flipTestBrowserTest">
        <test-method status="PASS" signature="f()[pri:0, instance:AppiumTesting.flipTestBrowserTest@6767c1fc]" name="f" duration-ms="89139" started-at="2017-07-22T12:13:23Z" finished-at="2017-07-22T12:14:53Z">
          <reporter-output>
            <line>
              <![CDATA[loads the webpage successfully]]>
            </line>
            <line>
              <![CDATA[* takes a screenshot of the webpage]]>
            </line>
            <line>
              <![CDATA[clicks the search bar]]>
            </line>
            <line>
              <![CDATA[successfully clicks the search bar]]>
            </line>
            <line>
              <![CDATA[sends the key to the search bar]]>
            </line>
            <line>
              <![CDATA[successfully send the key value to the search bar]]>
            </line>
            <line>
              <![CDATA[clicks the sort button]]>
            </line>
            <line>
              <![CDATA[successfully clicks the sort button]]>
            </line>
            <line>
              <![CDATA[clicks the low to high button]]>
            </line>
            <line>
              <![CDATA[successfully clicks the low to high]]>
            </line>
            <line>
              <![CDATA[clicks the apply button]]>
            </line>
            <line>
              <![CDATA[successfully clicks the apply button]]>
            </line>
            <line>
              <![CDATA[clicks the product]]>
            </line>
            <line>
              <![CDATA[successfully clicks the product]]>
            </line>
            <line>
              <![CDATA[clicks the add the cart button]]>
            </line>
            <line>
              <![CDATA[successfully clicks the add the cart button]]>
            </line>
            <line>
              <![CDATA[clicks the login icon]]>
            </line>
            <line>
              <![CDATA[successfully clicks the loin button]]>
            </line>
            <line>
              <![CDATA[sends the key value to the id bar]]>
            </line>
            <line>
              <![CDATA[successfull sends the id bar]]>
            </line>
            <line>
              <![CDATA[sends the password into the pass bar]]>
            </line>
            <line>
              <![CDATA[successfullt send the key to pass bar]]>
            </line>
            <line>
              <![CDATA[clicks the sign button]]>
            </line>
            <line>
              <![CDATA[successfully clicks the sign button]]>
            </line>
            <line>
              <![CDATA[clicks the back button]]>
            </line>
            <line>
              <![CDATA[successfully clicks the back button]]>
            </line>
            <line>
              <![CDATA[clicks the cart button]]>
            </line>
            <line>
              <![CDATA[successfully clicks the cart button]]>
            </line>
            <line>
              <![CDATA[* takes a screenshot of the webpage]]>
            </line>
            <line>
              <![CDATA[successfully assets the correct product has been added to the cart]]>
            </line>
          </reporter-output>
        </test-method> <!-- f -->
      </class> <!-- AppiumTesting.flipTestBrowserTest -->
    </test> <!-- Test -->
  </suite> <!-- Suite -->
</testng-results>
